Conta criada. Saldo inicial: R$1000.0
Saldo da Pai é1000.0
Saldo da Mãe é1000.0
Saldo da Filho é1000.0
Cliente Pai  ativo.
Cliente Filho  ativo.
Cliente Mãe  ativo.
Mãe  sacou R$ 100.0. Saldo após saque: R$900.0
Mãe  sacou R$ 100.0. Saldo após saque: R$800.0
Mãe  sacou R$ 100.0. Saldo após saque: R$700.0
Mãe  sacou R$ 100.0. Saldo após saque: R$600.0
Mãe  sacou R$ 100.0. Saldo após saque: R$500.0
Mãe  sacou R$ 100.0. Saldo após saque: R$400.0
Mãe  sacou R$ 100.0. Saldo após saque: R$300.0
Mãe  sacou R$ 100.0. Saldo após saque: R$200.0
Mãe  sacou R$ 100.0. Saldo após saque: R$100.0
Mãe  sacou R$ 100.0. Saldo após saque: R$0.0
Saldo insuficiente para o saque.
Mãe  sacou total de R$1000.0
Filho  sacou R$ 100.0. Saldo após saque: R$900.0
Pai  sacou R$ 100.0. Saldo após saque: R$900.0
Pai  sacou R$ 100.0. Saldo após saque: R$800.0
Pai  sacou R$ 100.0. Saldo após saque: R$700.0
Filho  sacou R$ 100.0. Saldo após saque: R$800.0
Filho  sacou R$ 100.0. Saldo após saque: R$700.0
Filho  sacou R$ 100.0. Saldo após saque: R$600.0
Filho  sacou R$ 100.0. Saldo após saque: R$500.0
Pai  sacou R$ 100.0. Saldo após saque: R$600.0
Pai  sacou R$ 100.0. Saldo após saque: R$500.0
Pai  sacou R$ 100.0. Saldo após saque: R$400.0
Filho  sacou R$ 100.0. Saldo após saque: R$400.0
Pai  sacou R$ 100.0. Saldo após saque: R$300.0
Pai  sacou R$ 100.0. Saldo após saque: R$200.0
Filho  sacou R$ 100.0. Saldo após saque: R$300.0
Filho  sacou R$ 100.0. Saldo após saque: R$200.0
Pai  sacou R$ 100.0. Saldo após saque: R$100.0
Pai  sacou R$ 100.0. Saldo após saque: R$0.0
Filho  sacou R$ 100.0. Saldo após saque: R$100.0
Filho  sacou R$ 100.0. Saldo após saque: R$0.0
Saldo insuficiente para o saque.
Pai  sacou total de R$1000.0
Saldo insuficiente para o saque.
Filho  sacou total de R$1000.0
